{"contracts/Gamble.sol":{"l":{"13":2,"19":4,"23":1,"27":9,"28":9,"29":7,"31":5,"32":2,"33":2,"34":2,"36":3,"41":5,"45":3,"46":1},"path":"/Users/jerrylee/Documents/JerryLee/blockchain/homework_1014/contracts/Gamble.sol","s":{"1":2,"2":4,"3":1,"4":9,"5":9,"6":7,"7":5,"8":2,"9":2,"10":2,"11":3,"12":5,"13":3,"14":1},"b":{"1":[7,2],"2":[5,2],"3":[2,3],"4":[1,2]},"f":{"1":2,"2":7,"3":4,"4":1,"5":9,"6":5,"7":3},"fnMap":{"1":{"name":"constructor","line":12,"loc":{"start":{"line":12,"column":4},"end":{"line":12,"column":32}}},"2":{"name":"","line":16,"loc":{"start":{"line":16,"column":4},"end":{"line":16,"column":29}}},"3":{"name":"getBalance","line":18,"loc":{"start":{"line":18,"column":4},"end":{"line":18,"column":49}}},"4":{"name":"setReturnRate","line":22,"loc":{"start":{"line":22,"column":4},"end":{"line":22,"column":59}}},"5":{"name":"wannaPlayAGame","line":26,"loc":{"start":{"line":26,"column":4},"end":{"line":26,"column":42}}},"6":{"name":"isBankerWin","line":40,"loc":{"start":{"line":40,"column":4},"end":{"line":40,"column":52}}},"7":{"name":"getETH","line":44,"loc":{"start":{"line":44,"column":4},"end":{"line":44,"column":47}}}},"statementMap":{"1":{"start":{"line":13,"column":8},"end":{"line":13,"column":22}},"2":{"start":{"line":19,"column":8},"end":{"line":19,"column":36}},"3":{"start":{"line":23,"column":8},"end":{"line":23,"column":31}},"4":{"start":{"line":27,"column":8},"end":{"line":27,"column":58}},"5":{"start":{"line":28,"column":8},"end":{"line":28,"column":95}},"6":{"start":{"line":29,"column":8},"end":{"line":29,"column":72}},"7":{"start":{"line":31,"column":8},"end":{"line":31,"column":914}},"8":{"start":{"line":32,"column":12},"end":{"line":32,"column":56}},"9":{"start":{"line":33,"column":12},"end":{"line":33,"column":47}},"10":{"start":{"line":34,"column":12},"end":{"line":34,"column":49}},"11":{"start":{"line":36,"column":12},"end":{"line":36,"column":50}},"12":{"start":{"line":41,"column":8},"end":{"line":41,"column":56}},"13":{"start":{"line":45,"column":8},"end":{"line":45,"column":87}},"14":{"start":{"line":46,"column":8},"end":{"line":46,"column":34}}},"branchMap":{"1":{"line":28,"type":"if","locations":[{"start":{"line":28,"column":8},"end":{"line":28,"column":8}},{"start":{"line":28,"column":8},"end":{"line":28,"column":8}}]},"2":{"line":29,"type":"if","locations":[{"start":{"line":29,"column":8},"end":{"line":29,"column":8}},{"start":{"line":29,"column":8},"end":{"line":29,"column":8}}]},"3":{"line":31,"type":"if","locations":[{"start":{"line":31,"column":8},"end":{"line":31,"column":8}},{"start":{"line":31,"column":8},"end":{"line":31,"column":8}}]},"4":{"line":45,"type":"if","locations":[{"start":{"line":45,"column":8},"end":{"line":45,"column":8}},{"start":{"line":45,"column":8},"end":{"line":45,"column":8}}]}}},"contracts/Leaderboard.sol":{"l":{"9":2,"10":2,"11":2,"13":2,"14":1,"20":2,"21":1,"23":2,"24":2,"28":2,"29":1,"30":1,"33":1},"path":"/Users/jerrylee/Documents/JerryLee/blockchain/homework_1014/contracts/Leaderboard.sol","s":{"1":2,"2":2,"3":2,"4":2,"5":1,"6":2,"7":1,"8":2,"9":2,"10":2,"11":1,"12":1,"13":1},"b":{"1":[1,1],"2":[1,1],"3":[1,0]},"f":{"1":2,"2":2,"3":2},"fnMap":{"1":{"name":"_updateFirstPlace","line":8,"loc":{"start":{"line":8,"column":4},"end":{"line":8,"column":37}}},"2":{"name":"enterLeaderBoard","line":19,"loc":{"start":{"line":19,"column":4},"end":{"line":19,"column":65}}},"3":{"name":"_isInLeaderBoard","line":27,"loc":{"start":{"line":27,"column":4},"end":{"line":27,"column":67}}}},"statementMap":{"1":{"start":{"line":9,"column":8},"end":{"line":9,"column":247}},"2":{"start":{"line":10,"column":12},"end":{"line":10,"column":39}},"3":{"start":{"line":11,"column":12},"end":{"line":11,"column":50}},"4":{"start":{"line":13,"column":12},"end":{"line":13,"column":511}},"5":{"start":{"line":14,"column":16},"end":{"line":14,"column":40}},"6":{"start":{"line":20,"column":8},"end":{"line":20,"column":710}},"7":{"start":{"line":21,"column":12},"end":{"line":21,"column":28}},"8":{"start":{"line":23,"column":8},"end":{"line":23,"column":35}},"9":{"start":{"line":24,"column":8},"end":{"line":24,"column":26}},"10":{"start":{"line":28,"column":8},"end":{"line":28,"column":935}},"11":{"start":{"line":29,"column":12},"end":{"line":29,"column":996}},"12":{"start":{"line":30,"column":16},"end":{"line":30,"column":27}},"13":{"start":{"line":33,"column":8},"end":{"line":33,"column":20}}},"branchMap":{"1":{"line":13,"type":"if","locations":[{"start":{"line":13,"column":12},"end":{"line":13,"column":12}},{"start":{"line":13,"column":12},"end":{"line":13,"column":12}}]},"2":{"line":20,"type":"if","locations":[{"start":{"line":20,"column":8},"end":{"line":20,"column":8}},{"start":{"line":20,"column":8},"end":{"line":20,"column":8}}]},"3":{"line":29,"type":"if","locations":[{"start":{"line":29,"column":12},"end":{"line":29,"column":12}},{"start":{"line":29,"column":12},"end":{"line":29,"column":12}}]}}}}