{"contracts/Gamble.sol":{"l":{"13":2,"19":1,"23":1,"27":9,"28":9,"29":7,"31":5,"32":4,"33":4,"34":4,"36":1,"41":5},"path":"/Users/jerrylee/Documents/JerryLee/blockchain/homework_1014/contracts/Gamble.sol","s":{"1":2,"2":1,"3":1,"4":9,"5":9,"6":7,"7":5,"8":4,"9":4,"10":4,"11":1,"12":5},"b":{"1":[7,2],"2":[5,2],"3":[4,1]},"f":{"1":2,"2":7,"3":1,"4":1,"5":9,"6":5},"fnMap":{"1":{"name":"constructor","line":12,"loc":{"start":{"line":12,"column":4},"end":{"line":12,"column":32}}},"2":{"name":"","line":16,"loc":{"start":{"line":16,"column":4},"end":{"line":16,"column":29}}},"3":{"name":"getBalance","line":18,"loc":{"start":{"line":18,"column":4},"end":{"line":18,"column":49}}},"4":{"name":"setReturnRate","line":22,"loc":{"start":{"line":22,"column":4},"end":{"line":22,"column":59}}},"5":{"name":"wannaPlayAGame","line":26,"loc":{"start":{"line":26,"column":4},"end":{"line":26,"column":42}}},"6":{"name":"isBankerWin","line":40,"loc":{"start":{"line":40,"column":4},"end":{"line":40,"column":52}}}},"statementMap":{"1":{"start":{"line":13,"column":8},"end":{"line":13,"column":22}},"2":{"start":{"line":19,"column":8},"end":{"line":19,"column":36}},"3":{"start":{"line":23,"column":8},"end":{"line":23,"column":31}},"4":{"start":{"line":27,"column":8},"end":{"line":27,"column":58}},"5":{"start":{"line":28,"column":8},"end":{"line":28,"column":95}},"6":{"start":{"line":29,"column":8},"end":{"line":29,"column":72}},"7":{"start":{"line":31,"column":8},"end":{"line":31,"column":914}},"8":{"start":{"line":32,"column":12},"end":{"line":32,"column":56}},"9":{"start":{"line":33,"column":12},"end":{"line":33,"column":47}},"10":{"start":{"line":34,"column":12},"end":{"line":34,"column":49}},"11":{"start":{"line":36,"column":12},"end":{"line":36,"column":50}},"12":{"start":{"line":41,"column":8},"end":{"line":41,"column":56}}},"branchMap":{"1":{"line":28,"type":"if","locations":[{"start":{"line":28,"column":8},"end":{"line":28,"column":8}},{"start":{"line":28,"column":8},"end":{"line":28,"column":8}}]},"2":{"line":29,"type":"if","locations":[{"start":{"line":29,"column":8},"end":{"line":29,"column":8}},{"start":{"line":29,"column":8},"end":{"line":29,"column":8}}]},"3":{"line":31,"type":"if","locations":[{"start":{"line":31,"column":8},"end":{"line":31,"column":8}},{"start":{"line":31,"column":8},"end":{"line":31,"column":8}}]}}},"contracts/Leaderboard.sol":{"l":{"9":4,"10":4,"11":4,"13":4,"14":1,"20":4,"21":1,"23":4,"24":4,"28":4,"29":3,"30":3,"33":1},"path":"/Users/jerrylee/Documents/JerryLee/blockchain/homework_1014/contracts/Leaderboard.sol","s":{"1":4,"2":4,"3":4,"4":4,"5":1,"6":4,"7":1,"8":4,"9":4,"10":4,"11":3,"12":3,"13":1},"b":{"1":[1,3],"2":[1,3],"3":[3,0]},"f":{"1":4,"2":4,"3":4},"fnMap":{"1":{"name":"_updateFirstPlace","line":8,"loc":{"start":{"line":8,"column":4},"end":{"line":8,"column":37}}},"2":{"name":"enterLeaderBoard","line":19,"loc":{"start":{"line":19,"column":4},"end":{"line":19,"column":65}}},"3":{"name":"_isInLeaderBoard","line":27,"loc":{"start":{"line":27,"column":4},"end":{"line":27,"column":67}}}},"statementMap":{"1":{"start":{"line":9,"column":8},"end":{"line":9,"column":247}},"2":{"start":{"line":10,"column":12},"end":{"line":10,"column":39}},"3":{"start":{"line":11,"column":12},"end":{"line":11,"column":50}},"4":{"start":{"line":13,"column":12},"end":{"line":13,"column":511}},"5":{"start":{"line":14,"column":16},"end":{"line":14,"column":40}},"6":{"start":{"line":20,"column":8},"end":{"line":20,"column":710}},"7":{"start":{"line":21,"column":12},"end":{"line":21,"column":28}},"8":{"start":{"line":23,"column":8},"end":{"line":23,"column":35}},"9":{"start":{"line":24,"column":8},"end":{"line":24,"column":26}},"10":{"start":{"line":28,"column":8},"end":{"line":28,"column":935}},"11":{"start":{"line":29,"column":12},"end":{"line":29,"column":996}},"12":{"start":{"line":30,"column":16},"end":{"line":30,"column":27}},"13":{"start":{"line":33,"column":8},"end":{"line":33,"column":20}}},"branchMap":{"1":{"line":13,"type":"if","locations":[{"start":{"line":13,"column":12},"end":{"line":13,"column":12}},{"start":{"line":13,"column":12},"end":{"line":13,"column":12}}]},"2":{"line":20,"type":"if","locations":[{"start":{"line":20,"column":8},"end":{"line":20,"column":8}},{"start":{"line":20,"column":8},"end":{"line":20,"column":8}}]},"3":{"line":29,"type":"if","locations":[{"start":{"line":29,"column":12},"end":{"line":29,"column":12}},{"start":{"line":29,"column":12},"end":{"line":29,"column":12}}]}}}}