TN:
SF:/Users/jerrylee/Documents/JerryLee/blockchain/homework_1014/contracts/Gamble.sol
FN:12,constructor
FN:16,
FN:18,getBalance
FN:22,setReturnRate
FN:26,wannaPlayAGame
FN:40,isBankerWin
FN:44,getETH
FNF:7
FNH:7
FNDA:2,constructor
FNDA:7,
FNDA:2,getBalance
FNDA:1,setReturnRate
FNDA:9,wannaPlayAGame
FNDA:5,isBankerWin
FNDA:1,getETH
DA:13,2
DA:19,2
DA:23,1
DA:27,9
DA:28,9
DA:29,7
DA:31,5
DA:32,3
DA:33,3
DA:34,3
DA:36,2
DA:41,5
DA:45,1
LF:13
LH:13
BRDA:28,1,0,7
BRDA:28,1,1,2
BRDA:29,2,0,5
BRDA:29,2,1,2
BRDA:31,3,0,3
BRDA:31,3,1,2
BRF:6
BRH:6
end_of_record
TN:
SF:/Users/jerrylee/Documents/JerryLee/blockchain/homework_1014/contracts/Leaderboard.sol
FN:8,_updateFirstPlace
FN:19,enterLeaderBoard
FN:27,_isInLeaderBoard
FNF:3
FNH:3
FNDA:3,_updateFirstPlace
FNDA:3,enterLeaderBoard
FNDA:3,_isInLeaderBoard
DA:9,3
DA:10,3
DA:11,3
DA:13,3
DA:14,1
DA:20,3
DA:21,1
DA:23,3
DA:24,3
DA:28,3
DA:29,2
DA:30,2
DA:33,1
LF:13
LH:13
BRDA:13,1,0,1
BRDA:13,1,1,2
BRDA:20,2,0,1
BRDA:20,2,1,2
BRDA:29,3,0,2
BRDA:29,3,1,0
BRF:6
BRH:5
end_of_record
