TN:
SF:/Users/jerrylee/Documents/JerryLee/blockchain/homework_1014/contracts/Gamble.sol
FN:12,
FN:14,getBalance
FN:18,setReturnRate
FN:22,wannaPlayAGame
FN:36,_isBankerWin
FN:40,getETH
FNF:6
FNH:6
FNDA:7,
FNDA:4,getBalance
FNDA:1,setReturnRate
FNDA:9,wannaPlayAGame
FNDA:5,_isBankerWin
FNDA:3,getETH
DA:15,4
DA:19,1
DA:23,9
DA:24,9
DA:25,7
DA:27,5
DA:28,2
DA:29,2
DA:30,2
DA:32,3
DA:37,5
DA:41,3
DA:42,1
LF:13
LH:13
BRDA:24,1,0,7
BRDA:24,1,1,2
BRDA:25,2,0,5
BRDA:25,2,1,2
BRDA:27,3,0,2
BRDA:27,3,1,3
BRDA:41,4,0,1
BRDA:41,4,1,2
BRF:8
BRH:8
end_of_record
TN:
SF:/Users/jerrylee/Documents/JerryLee/blockchain/homework_1014/contracts/Leaderboard.sol
FN:8,_updateFirstPlace
FN:15,enterLeaderBoard
FN:23,_isInLeaderBoard
FNF:3
FNH:3
FNDA:2,_updateFirstPlace
FNDA:2,enterLeaderBoard
FNDA:2,_isInLeaderBoard
DA:10,2
DA:11,1
DA:16,2
DA:17,1
DA:19,2
DA:20,2
DA:24,2
DA:25,1
DA:26,1
DA:29,1
LF:10
LH:10
BRDA:10,1,0,1
BRDA:10,1,1,1
BRDA:16,2,0,1
BRDA:16,2,1,1
BRDA:25,3,0,1
BRDA:25,3,1,0
BRF:6
BRH:5
end_of_record
